<?xml version="1.0" encoding="UTF-8"?>
<!-- Generated by org.testng.reporters.JUnitReportReporter -->
<testsuite hostname="LAPTOP-R2A7MSSV" failures="0" tests="6" name="com.qa.tests.TravelTheWorldPageTest" time="26.253" errors="0" timestamp="20 Aug 2022 10:13:35 GMT" skipped="0">
  <testcase classname="com.qa.tests.TravelTheWorldPageTest" name="worldPageTitleTest" time="0.039"/>
  <testcase classname="com.qa.tests.TravelTheWorldPageTest" name="beatchLinkClickingTest" time="1.534"/>
  <testcase classname="com.qa.tests.TravelTheWorldPageTest" name="selectCityTest" time="23.158"/>
  <testcase classname="com.qa.tests.TravelTheWorldPageTest" name="chooseFlightTest" time="0.518"/>
  <testcase classname="com.qa.tests.TravelTheWorldPageTest" name="fillTheFlightFormTest" time="0.974"/>
  <testcase classname="com.qa.tests.TravelTheWorldPageTest" name="bookingIDTest" time="0.030"/>
</testsuite> <!-- com.qa.tests.TravelTheWorldPageTest -->
